Boot
Initializing FB...
BGA Version: 0xb0c5
Initializing WM...
Initializing Mouse...
Unhandled IRQ 1  ISR=0  IRR=0...
Unhandled IRQ 12  ISR=10  IRR=0...
Unhandled IRQ 12  ISR=10  IRR=0...
Initializing Keyboard...
Keyboard Init...
Entering Terminal...
Available commands:
  help    - Show this help
  clear   - Clear screen
  echo    - Print arguments
  reboot  - Reboot system
yay my os
Rebooting...
Boot
Initializing FB...
BGA Version: 0xb0c5
Initializing WM...
Initializing Mouse...
Unhandled IRQ 1  ISR=0  IRR=0...
Unhandled IRQ 12  ISR=10  IRR=0...
Unhandled IRQ 12  ISR=10  IRR=0...
Initializing Keyboard...
Keyboard Init...
Entering Terminal...
